\BOOKMARK [1][-]{section.1}{Introduction}{}% 1
\BOOKMARK [1][-]{section.2}{Agda proof assistant}{}% 2
\BOOKMARK [2][-]{subsection.2.1}{Propositions as types}{section.2}% 3
\BOOKMARK [2][-]{subsection.2.2}{Simply typed functions and data types}{section.2}% 4
\BOOKMARK [2][-]{subsection.2.3}{Dependent types}{section.2}% 5
\BOOKMARK [2][-]{subsection.2.4}{Cubical Agda}{section.2}% 6
\BOOKMARK [1][-]{section.3}{Propositional calculus in Agda}{}% 7
\BOOKMARK [2][-]{subsection.3.1}{Formulas}{section.3}% 8
\BOOKMARK [2][-]{subsection.3.2}{Context}{section.3}% 9
\BOOKMARK [2][-]{subsection.3.3}{Inference rules}{section.3}% 10
\BOOKMARK [3][-]{subsubsection.3.3.1}{Logical connectives}{subsection.3.3}% 11
\BOOKMARK [3][-]{subsubsection.3.3.2}{Law of excluded middle}{subsection.3.3}% 12
\BOOKMARK [3][-]{subsubsection.3.3.3}{Structural rules}{subsection.3.3}% 13
\BOOKMARK [2][-]{subsection.3.4}{Properties of a propositional calculus}{section.3}% 14
\BOOKMARK [3][-]{subsubsection.3.4.1}{Biprovability relation}{subsection.3.4}% 15
\BOOKMARK [3][-]{subsubsection.3.4.2}{Commutativity}{subsection.3.4}% 16
\BOOKMARK [3][-]{subsubsection.3.4.3}{Associativity}{subsection.3.4}% 17
\BOOKMARK [3][-]{subsubsection.3.4.4}{Distributivity}{subsection.3.4}% 18
\BOOKMARK [1][-]{section.4}{Lindenbaum-Tarski algebra in Cubical Agda}{}% 19
\BOOKMARK [2][-]{subsection.4.1}{Binary operations and propositional constants}{section.4}% 20
\BOOKMARK [2][-]{subsection.4.2}{Proof that the Lindenbaum-Tarski algebra is Boolean}{section.4}% 21
\BOOKMARK [2][-]{subsection.4.3}{Soundness}{section.4}% 22
\BOOKMARK [1][-]{section.5}{Conclusions}{}% 23
\BOOKMARK [2][-]{subsection.5.1}{Future work}{section.5}% 24
\BOOKMARK [1][-]{appendix.1.A}{Appendix LindenbaumTarski.agda}{}% 25
