This is pdfTeX, Version 3.14159265-2.6-1.40.20 (TeX Live 2019/Debian) (preloaded format=pdflatex 2023.3.17)  1 MAY 2023 18:02
entering extended mode
 restricted \write18 enabled.
 file:line:error style messages enabled.
 %&-line parsing enabled.
**/home/croos/Desktop/exjobb/thesis/thesis.tex
(/home/croos/Desktop/exjobb/thesis/thesis.tex
LaTeX2e <2020-02-02> patch level 2
L3 programming layer <2020-02-14> (/usr/share/texlive/texmf-dist/tex/latex/base/article.cls
Document Class: article 2019/12/20 v1.4l Standard LaTeX document class
(/usr/share/texlive/texmf-dist/tex/latex/base/size10.clo
File: size10.clo 2019/12/20 v1.4l Standard LaTeX file (size option)
)
\c@part=\count167
\c@section=\count168
\c@subsection=\count169
\c@subsubsection=\count170
\c@paragraph=\count171
\c@subparagraph=\count172
\c@figure=\count173
\c@table=\count174
\abovecaptionskip=\skip47
\belowcaptionskip=\skip48
\bibindent=\dimen134
) (/usr/share/texlive/texmf-dist/tex/latex/base/textcomp.sty
Package: textcomp 2020/02/02 v2.0n Standard LaTeX package
) (/usr/share/texlive/texmf-dist/tex/latex/tools/xspace.sty
Package: xspace 2014/10/28 v1.13 Space after command names (DPC,MH)
) (/usr/share/texlive/texmf-dist/tex/latex/url/url.sty
\Urlmuskip=\muskip16
Package: url 2013/09/16  ver 3.4  Verb mode for urls, etc.
) (/usr/share/texlive/texmf-dist/tex/latex/multirow/multirow.sty
Package: multirow 2019/05/31 v2.5 Span multiple rows of a table
\multirow@colwidth=\skip49
\multirow@cntb=\count175
\multirow@dima=\skip50
\bigstrutjot=\dimen135
) (/usr/share/texlive/texmf-dist/tex/latex/tools/hhline.sty
Package: hhline 2020/01/04 v2.04 Table rule package (DPC)
) (/usr/share/texlive/texmf-dist/tex/latex/psnfss/pifont.sty
Package: pifont 2005/04/12 PSNFSS-v9.2a Pi font support (SPQR) 
LaTeX Font Info:    Trying to load font information for U+pzd on input line 63.
 (/usr/share/texlive/texmf-dist/tex/latex/psnfss/upzd.fd
File: upzd.fd 2001/06/04 font definitions for U/pzd.
)
LaTeX Font Info:    Trying to load font information for U+psy on input line 64.
 (/usr/share/texlive/texmf-dist/tex/latex/psnfss/upsy.fd
File: upsy.fd 2001/06/04 font definitions for U/psy.
)) (/usr/share/texlive/texmf-dist/tex/latex/amsmath/amsmath.sty
Package: amsmath 2020/01/20 v2.17e AMS math features
\@mathmargin=\skip51

For additional information on amsmath, use the `?' option.
(/usr/share/texlive/texmf-dist/tex/latex/amsmath/amstext.sty
Package: amstext 2000/06/29 v2.01 AMS text
 (/usr/share/texlive/texmf-dist/tex/latex/amsmath/amsgen.sty
File: amsgen.sty 1999/11/30 v2.0 generic functions
\@emptytoks=\toks14
\ex@=\dimen136
)) (/usr/share/texlive/texmf-dist/tex/latex/amsmath/amsbsy.sty
Package: amsbsy 1999/11/29 v1.2d Bold Symbols
\pmbraise@=\dimen137
) (/usr/share/texlive/texmf-dist/tex/latex/amsmath/amsopn.sty
Package: amsopn 2016/03/08 v2.02 operator names
)
\inf@bad=\count176
LaTeX Info: Redefining \frac on input line 227.
\uproot@=\count177
\leftroot@=\count178
LaTeX Info: Redefining \overline on input line 389.
\classnum@=\count179
\DOTSCASE@=\count180
LaTeX Info: Redefining \ldots on input line 486.
LaTeX Info: Redefining \dots on input line 489.
LaTeX Info: Redefining \cdots on input line 610.
\Mathstrutbox@=\box45
\strutbox@=\box46
\big@size=\dimen138
LaTeX Font Info:    Redeclaring font encoding OML on input line 733.
LaTeX Font Info:    Redeclaring font encoding OMS on input line 734.
\macc@depth=\count181
\c@MaxMatrixCols=\count182
\dotsspace@=\muskip17
\c@parentequation=\count183
\dspbrk@lvl=\count184
\tag@help=\toks15
\row@=\count185
\column@=\count186
\maxfields@=\count187
\andhelp@=\toks16
\eqnshift@=\dimen139
\alignsep@=\dimen140
\tagshift@=\dimen141
\tagwidth@=\dimen142
\totwidth@=\dimen143
\lineht@=\dimen144
\@envbody=\toks17
\multlinegap=\skip52
\multlinetaggap=\skip53
\mathdisplay@stack=\toks18
LaTeX Info: Redefining \[ on input line 2859.
LaTeX Info: Redefining \] on input line 2860.
) (/usr/share/texlive/texmf-dist/tex/latex/amsfonts/amsfonts.sty
Package: amsfonts 2013/01/14 v3.01 Basic AMSFonts support
\symAMSa=\mathgroup4
\symAMSb=\mathgroup5
LaTeX Font Info:    Redeclaring math symbol \hbar on input line 98.
LaTeX Font Info:    Overwriting math alphabet `\mathfrak' in version `bold'
(Font)                  U/euf/m/n --> U/euf/b/n on input line 106.
) (/usr/share/texlive/texmf-dist/tex/latex/amscls/amsthm.sty
Package: amsthm 2017/10/31 v2.20.4
\thm@style=\toks19
\thm@bodyfont=\toks20
\thm@headfont=\toks21
\thm@notefont=\toks22
\thm@headpunct=\toks23
\thm@preskip=\skip54
\thm@postskip=\skip55
\thm@headsep=\skip56
\dth@everypar=\toks24
) (/usr/share/texlive/texmf-dist/tex/latex/mathtools/mathtools.sty
Package: mathtools 2020/01/17 v1.23 mathematical typesetting tools
 (/usr/share/texlive/texmf-dist/tex/latex/graphics/keyval.sty
Package: keyval 2014/10/28 v1.15 key=value parser (DPC)
\KV@toks@=\toks25
) (/usr/share/texlive/texmf-dist/tex/latex/tools/calc.sty
Package: calc 2017/05/25 v4.3 Infix arithmetic (KKT,FJ)
\calc@Acount=\count188
\calc@Bcount=\count189
\calc@Adimen=\dimen145
\calc@Bdimen=\dimen146
\calc@Askip=\skip57
\calc@Bskip=\skip58
LaTeX Info: Redefining \setlength on input line 80.
LaTeX Info: Redefining \addtolength on input line 81.
\calc@Ccount=\count190
\calc@Cskip=\skip59
) (/usr/share/texlive/texmf-dist/tex/latex/mathtools/mhsetup.sty
Package: mhsetup 2017/03/31 v1.3 programming setup (MH)
)
LaTeX Info: Thecontrolsequence`\('isalreadyrobust on input line 129.
LaTeX Info: Thecontrolsequence`\)'isalreadyrobust on input line 129.
LaTeX Info: Thecontrolsequence`\['isalreadyrobust on input line 129.
LaTeX Info: Thecontrolsequence`\]'isalreadyrobust on input line 129.
\g_MT_multlinerow_int=\count191
\l_MT_multwidth_dim=\dimen147
\origjot=\skip60
\l_MT_shortvdotswithinadjustabove_dim=\dimen148
\l_MT_shortvdotswithinadjustbelow_dim=\dimen149
\l_MT_above_intertext_sep=\dimen150
\l_MT_below_intertext_sep=\dimen151
\l_MT_above_shortintertext_sep=\dimen152
\l_MT_below_shortintertext_sep=\dimen153
) (/usr/share/texlive/texmf-dist/tex/latex/bbold/bbold.sty
Package: bbold 1994/04/06 Bbold symbol package
LaTeX Font Info:    Redeclaring math alphabet \mathbb on input line 42.
) (/usr/share/texlive/texmf-dist/tex/latex/float/float.sty
Package: float 2001/11/08 v1.3d Float enhancements (AL)
\c@float@type=\count192
\float@exts=\toks26
\float@box=\box47
\@float@everytoks=\toks27
\@floatcapt=\box48
) (/usr/share/texlive/texmf-dist/tex/latex/pgf/frontendlayer/tikz.sty (/usr/share/texlive/texmf-dist/tex/latex/pgf/basiclayer/pgf.sty (/usr/share/texlive/texmf-dist/tex/latex/pgf/utilities/pgfrcs.sty (/usr/share/texlive/texmf-dist/tex/generic/pgf/utilities/pgfutil-common.tex
\pgfutil@everybye=\toks28
\pgfutil@tempdima=\dimen154
\pgfutil@tempdimb=\dimen155
 (/usr/share/texlive/texmf-dist/tex/generic/pgf/utilities/pgfutil-common-lists.tex)) (/usr/share/texlive/texmf-dist/tex/generic/pgf/utilities/pgfutil-latex.def
\pgfutil@abb=\box49
 (/usr/share/texlive/texmf-dist/tex/latex/ms/everyshi.sty
Package: everyshi 2001/05/15 v3.00 EveryShipout Package (MS)
)) (/usr/share/texlive/texmf-dist/tex/generic/pgf/utilities/pgfrcs.code.tex (/usr/share/texlive/texmf-dist/tex/generic/pgf/pgf.revision.tex)
Package: pgfrcs 2020/01/08 v3.1.5b (3.1.5b)
))
Package: pgf 2020/01/08 v3.1.5b (3.1.5b)
 (/usr/share/texlive/texmf-dist/tex/latex/pgf/basiclayer/pgfcore.sty (/usr/share/texlive/texmf-dist/tex/latex/graphics/graphicx.sty
Package: graphicx 2019/11/30 v1.2a Enhanced LaTeX Graphics (DPC,SPQR)
 (/usr/share/texlive/texmf-dist/tex/latex/graphics/graphics.sty
Package: graphics 2019/11/30 v1.4a Standard LaTeX Graphics (DPC,SPQR)
 (/usr/share/texlive/texmf-dist/tex/latex/graphics/trig.sty
Package: trig 2016/01/03 v1.10 sin cos tan (DPC)
) (/usr/share/texlive/texmf-dist/tex/latex/graphics-cfg/graphics.cfg
File: graphics.cfg 2016/06/04 v1.11 sample graphics configuration
)
Package graphics Info: Driver file: pdftex.def on input line 105.
 (/usr/share/texlive/texmf-dist/tex/latex/graphics-def/pdftex.def
File: pdftex.def 2018/01/08 v1.0l Graphics/color driver for pdftex
))
\Gin@req@height=\dimen156
\Gin@req@width=\dimen157
) (/usr/share/texlive/texmf-dist/tex/latex/pgf/systemlayer/pgfsys.sty (/usr/share/texlive/texmf-dist/tex/generic/pgf/systemlayer/pgfsys.code.tex
Package: pgfsys 2020/01/08 v3.1.5b (3.1.5b)
 (/usr/share/texlive/texmf-dist/tex/generic/pgf/utilities/pgfkeys.code.tex
\pgfkeys@pathtoks=\toks29
\pgfkeys@temptoks=\toks30
 (/usr/share/texlive/texmf-dist/tex/generic/pgf/utilities/pgfkeysfiltered.code.tex
\pgfkeys@tmptoks=\toks31
))
\pgf@x=\dimen158
\pgf@y=\dimen159
\pgf@xa=\dimen160
\pgf@ya=\dimen161
\pgf@xb=\dimen162
\pgf@yb=\dimen163
\pgf@xc=\dimen164
\pgf@yc=\dimen165
\pgf@xd=\dimen166
\pgf@yd=\dimen167
\w@pgf@writea=\write3
\r@pgf@reada=\read2
\c@pgf@counta=\count193
\c@pgf@countb=\count194
\c@pgf@countc=\count195
\c@pgf@countd=\count196
\t@pgf@toka=\toks32
\t@pgf@tokb=\toks33
\t@pgf@tokc=\toks34
\pgf@sys@id@count=\count197
 (/usr/share/texlive/texmf-dist/tex/generic/pgf/systemlayer/pgf.cfg
File: pgf.cfg 2020/01/08 v3.1.5b (3.1.5b)
)
Driver file for pgf: pgfsys-pdftex.def
 (/usr/share/texlive/texmf-dist/tex/generic/pgf/systemlayer/pgfsys-pdftex.def
File: pgfsys-pdftex.def 2020/01/08 v3.1.5b (3.1.5b)
 (/usr/share/texlive/texmf-dist/tex/generic/pgf/systemlayer/pgfsys-common-pdf.def
File: pgfsys-common-pdf.def 2020/01/08 v3.1.5b (3.1.5b)
))) (/usr/share/texlive/texmf-dist/tex/generic/pgf/systemlayer/pgfsyssoftpath.code.tex
File: pgfsyssoftpath.code.tex 2020/01/08 v3.1.5b (3.1.5b)
\pgfsyssoftpath@smallbuffer@items=\count198
\pgfsyssoftpath@bigbuffer@items=\count199
) (/usr/share/texlive/texmf-dist/tex/generic/pgf/systemlayer/pgfsysprotocol.code.tex
File: pgfsysprotocol.code.tex 2020/01/08 v3.1.5b (3.1.5b)
)) (/usr/share/texlive/texmf-dist/tex/latex/xcolor/xcolor.sty
Package: xcolor 2016/05/11 v2.12 LaTeX color extensions (UK)
 (/usr/share/texlive/texmf-dist/tex/latex/graphics-cfg/color.cfg
File: color.cfg 2016/01/02 v1.6 sample color configuration
)
Package xcolor Info: Driver file: pdftex.def on input line 225.
Package xcolor Info: Model `cmy' substituted by `cmy0' on input line 1348.
Package xcolor Info: Model `hsb' substituted by `rgb' on input line 1352.
Package xcolor Info: Model `RGB' extended on input line 1364.
Package xcolor Info: Model `HTML' substituted by `rgb' on input line 1366.
Package xcolor Info: Model `Hsb' substituted by `hsb' on input line 1367.
Package xcolor Info: Model `tHsb' substituted by `hsb' on input line 1368.
Package xcolor Info: Model `HSB' substituted by `hsb' on input line 1369.
Package xcolor Info: Model `Gray' substituted by `gray' on input line 1370.
Package xcolor Info: Model `wave' substituted by `hsb' on input line 1371.
) (/usr/share/texlive/texmf-dist/tex/generic/pgf/basiclayer/pgfcore.code.tex
Package: pgfcore 2020/01/08 v3.1.5b (3.1.5b)
 (/usr/share/texlive/texmf-dist/tex/generic/pgf/math/pgfmath.code.tex (/usr/share/texlive/texmf-dist/tex/generic/pgf/math/pgfmathcalc.code.tex (/usr/share/texlive/texmf-dist/tex/generic/pgf/math/pgfmathutil.code.tex) (/usr/share/texlive/texmf-dist/tex/generic/pgf/math/pgfmathparser.code.tex
\pgfmath@dimen=\dimen168
\pgfmath@count=\count266
\pgfmath@box=\box50
\pgfmath@toks=\toks35
\pgfmath@stack@operand=\toks36
\pgfmath@stack@operation=\toks37
) (/usr/share/texlive/texmf-dist/tex/generic/pgf/math/pgfmathfunctions.code.tex (/usr/share/texlive/texmf-dist/tex/generic/pgf/math/pgfmathfunctions.basic.code.tex) (/usr/share/texlive/texmf-dist/tex/generic/pgf/math/pgfmathfunctions.trigonometric.code.tex) (/usr/share/texlive/texmf-dist/tex/generic/pgf/math/pgfmathfunctions.random.code.tex) (/usr/share/texlive/texmf-dist/tex/generic/pgf/math/pgfmathfunctions.comparison.code.tex) (/usr/share/texlive/texmf-dist/tex/generic/pgf/math/pgfmathfunctions.base.code.tex) (/usr/share/texlive/texmf-dist/tex/generic/pgf/math/pgfmathfunctions.round.code.tex) (/usr/share/texlive/texmf-dist/tex/generic/pgf/math/pgfmathfunctions.misc.code.tex) (/usr/share/texlive/texmf-dist/tex/generic/pgf/math/pgfmathfunctions.integerarithmetics.code.tex))) (/usr/share/texlive/texmf-dist/tex/generic/pgf/math/pgfmathfloat.code.tex
\c@pgfmathroundto@lastzeros=\count267
)) (/usr/share/texlive/texmf-dist/tex/generic/pgf/math/pgfint.code.tex) (/usr/share/texlive/texmf-dist/tex/generic/pgf/basiclayer/pgfcorepoints.code.tex
File: pgfcorepoints.code.tex 2020/01/08 v3.1.5b (3.1.5b)
\pgf@picminx=\dimen169
\pgf@picmaxx=\dimen170
\pgf@picminy=\dimen171
\pgf@picmaxy=\dimen172
\pgf@pathminx=\dimen173
\pgf@pathmaxx=\dimen174
\pgf@pathminy=\dimen175
\pgf@pathmaxy=\dimen176
\pgf@xx=\dimen177
\pgf@xy=\dimen178
\pgf@yx=\dimen179
\pgf@yy=\dimen180
\pgf@zx=\dimen181
\pgf@zy=\dimen182
) (/usr/share/texlive/texmf-dist/tex/generic/pgf/basiclayer/pgfcorepathconstruct.code.tex
File: pgfcorepathconstruct.code.tex 2020/01/08 v3.1.5b (3.1.5b)
\pgf@path@lastx=\dimen183
\pgf@path@lasty=\dimen184
) (/usr/share/texlive/texmf-dist/tex/generic/pgf/basiclayer/pgfcorepathusage.code.tex
File: pgfcorepathusage.code.tex 2020/01/08 v3.1.5b (3.1.5b)
\pgf@shorten@end@additional=\dimen185
\pgf@shorten@start@additional=\dimen186
) (/usr/share/texlive/texmf-dist/tex/generic/pgf/basiclayer/pgfcorescopes.code.tex
File: pgfcorescopes.code.tex 2020/01/08 v3.1.5b (3.1.5b)
\pgfpic=\box51
\pgf@hbox=\box52
\pgf@layerbox@main=\box53
\pgf@picture@serial@count=\count268
) (/usr/share/texlive/texmf-dist/tex/generic/pgf/basiclayer/pgfcoregraphicstate.code.tex
File: pgfcoregraphicstate.code.tex 2020/01/08 v3.1.5b (3.1.5b)
\pgflinewidth=\dimen187
) (/usr/share/texlive/texmf-dist/tex/generic/pgf/basiclayer/pgfcoretransformations.code.tex
File: pgfcoretransformations.code.tex 2020/01/08 v3.1.5b (3.1.5b)
\pgf@pt@x=\dimen188
\pgf@pt@y=\dimen189
\pgf@pt@temp=\dimen190
) (/usr/share/texlive/texmf-dist/tex/generic/pgf/basiclayer/pgfcorequick.code.tex
File: pgfcorequick.code.tex 2020/01/08 v3.1.5b (3.1.5b)
) (/usr/share/texlive/texmf-dist/tex/generic/pgf/basiclayer/pgfcoreobjects.code.tex
File: pgfcoreobjects.code.tex 2020/01/08 v3.1.5b (3.1.5b)
) (/usr/share/texlive/texmf-dist/tex/generic/pgf/basiclayer/pgfcorepathprocessing.code.tex
File: pgfcorepathprocessing.code.tex 2020/01/08 v3.1.5b (3.1.5b)
) (/usr/share/texlive/texmf-dist/tex/generic/pgf/basiclayer/pgfcorearrows.code.tex
File: pgfcorearrows.code.tex 2020/01/08 v3.1.5b (3.1.5b)
\pgfarrowsep=\dimen191
) (/usr/share/texlive/texmf-dist/tex/generic/pgf/basiclayer/pgfcoreshade.code.tex
File: pgfcoreshade.code.tex 2020/01/08 v3.1.5b (3.1.5b)
\pgf@max=\dimen192
\pgf@sys@shading@range@num=\count269
\pgf@shadingcount=\count270
) (/usr/share/texlive/texmf-dist/tex/generic/pgf/basiclayer/pgfcoreimage.code.tex
File: pgfcoreimage.code.tex 2020/01/08 v3.1.5b (3.1.5b)
 (/usr/share/texlive/texmf-dist/tex/generic/pgf/basiclayer/pgfcoreexternal.code.tex
File: pgfcoreexternal.code.tex 2020/01/08 v3.1.5b (3.1.5b)
\pgfexternal@startupbox=\box54
)) (/usr/share/texlive/texmf-dist/tex/generic/pgf/basiclayer/pgfcorelayers.code.tex
File: pgfcorelayers.code.tex 2020/01/08 v3.1.5b (3.1.5b)
) (/usr/share/texlive/texmf-dist/tex/generic/pgf/basiclayer/pgfcoretransparency.code.tex
File: pgfcoretransparency.code.tex 2020/01/08 v3.1.5b (3.1.5b)
) (/usr/share/texlive/texmf-dist/tex/generic/pgf/basiclayer/pgfcorepatterns.code.tex
File: pgfcorepatterns.code.tex 2020/01/08 v3.1.5b (3.1.5b)
) (/usr/share/texlive/texmf-dist/tex/generic/pgf/basiclayer/pgfcorerdf.code.tex
File: pgfcorerdf.code.tex 2020/01/08 v3.1.5b (3.1.5b)
))) (/usr/share/texlive/texmf-dist/tex/generic/pgf/modules/pgfmoduleshapes.code.tex
File: pgfmoduleshapes.code.tex 2020/01/08 v3.1.5b (3.1.5b)
\pgfnodeparttextbox=\box55
) (/usr/share/texlive/texmf-dist/tex/generic/pgf/modules/pgfmoduleplot.code.tex
File: pgfmoduleplot.code.tex 2020/01/08 v3.1.5b (3.1.5b)
) (/usr/share/texlive/texmf-dist/tex/latex/pgf/compatibility/pgfcomp-version-0-65.sty
Package: pgfcomp-version-0-65 2020/01/08 v3.1.5b (3.1.5b)
\pgf@nodesepstart=\dimen193
\pgf@nodesepend=\dimen194
) (/usr/share/texlive/texmf-dist/tex/latex/pgf/compatibility/pgfcomp-version-1-18.sty
Package: pgfcomp-version-1-18 2020/01/08 v3.1.5b (3.1.5b)
)) (/usr/share/texlive/texmf-dist/tex/latex/pgf/utilities/pgffor.sty (/usr/share/texlive/texmf-dist/tex/latex/pgf/utilities/pgfkeys.sty (/usr/share/texlive/texmf-dist/tex/generic/pgf/utilities/pgfkeys.code.tex)) (/usr/share/texlive/texmf-dist/tex/latex/pgf/math/pgfmath.sty (/usr/share/texlive/texmf-dist/tex/generic/pgf/math/pgfmath.code.tex)) (/usr/share/texlive/texmf-dist/tex/generic/pgf/utilities/pgffor.code.tex
Package: pgffor 2020/01/08 v3.1.5b (3.1.5b)
 (/usr/share/texlive/texmf-dist/tex/generic/pgf/math/pgfmath.code.tex)
\pgffor@iter=\dimen195
\pgffor@skip=\dimen196
\pgffor@stack=\toks38
\pgffor@toks=\toks39
)) (/usr/share/texlive/texmf-dist/tex/generic/pgf/frontendlayer/tikz/tikz.code.tex
Package: tikz 2020/01/08 v3.1.5b (3.1.5b)
 (/usr/share/texlive/texmf-dist/tex/generic/pgf/libraries/pgflibraryplothandlers.code.tex
File: pgflibraryplothandlers.code.tex 2020/01/08 v3.1.5b (3.1.5b)
\pgf@plot@mark@count=\count271
\pgfplotmarksize=\dimen197
)
\tikz@lastx=\dimen198
\tikz@lasty=\dimen199
\tikz@lastxsaved=\dimen256
\tikz@lastysaved=\dimen257
\tikz@lastmovetox=\dimen258
\tikz@lastmovetoy=\dimen259
\tikzleveldistance=\dimen260
\tikzsiblingdistance=\dimen261
\tikz@figbox=\box56
\tikz@figbox@bg=\box57
\tikz@tempbox=\box58
\tikz@tempbox@bg=\box59
\tikztreelevel=\count272
\tikznumberofchildren=\count273
\tikznumberofcurrentchild=\count274
\tikz@fig@count=\count275
 (/usr/share/texlive/texmf-dist/tex/generic/pgf/modules/pgfmodulematrix.code.tex
File: pgfmodulematrix.code.tex 2020/01/08 v3.1.5b (3.1.5b)
\pgfmatrixcurrentrow=\count276
\pgfmatrixcurrentcolumn=\count277
\pgf@matrix@numberofcolumns=\count278
)
\tikz@expandcount=\count279
 (/usr/share/texlive/texmf-dist/tex/generic/pgf/frontendlayer/tikz/libraries/tikzlibrarytopaths.code.tex
File: tikzlibrarytopaths.code.tex 2020/01/08 v3.1.5b (3.1.5b)
))) (/usr/share/texlive/texmf-dist/tex/generic/pgf/frontendlayer/tikz/libraries/tikzlibraryarrows.code.tex
File: tikzlibraryarrows.code.tex 2020/01/08 v3.1.5b (3.1.5b)
 (/usr/share/texlive/texmf-dist/tex/generic/pgf/libraries/pgflibraryarrows.code.tex
File: pgflibraryarrows.code.tex 2020/01/08 v3.1.5b (3.1.5b)
\arrowsize=\dimen262
)) (/usr/share/texlive/texmf-dist/tex/generic/pgf/frontendlayer/tikz/libraries/tikzlibrarymatrix.code.tex
File: tikzlibrarymatrix.code.tex 2020/01/08 v3.1.5b (3.1.5b)
) (/usr/share/texlive/texmf-dist/tex/generic/pgf/frontendlayer/tikz/libraries/tikzlibrarydecorations.pathmorphing.code.tex (/usr/share/texlive/texmf-dist/tex/generic/pgf/frontendlayer/tikz/libraries/tikzlibrarydecorations.code.tex (/usr/share/texlive/texmf-dist/tex/generic/pgf/modules/pgfmoduledecorations.code.tex
\pgfdecoratedcompleteddistance=\dimen263
\pgfdecoratedremainingdistance=\dimen264
\pgfdecoratedinputsegmentcompleteddistance=\dimen265
\pgfdecoratedinputsegmentremainingdistance=\dimen266
\pgf@decorate@distancetomove=\dimen267
\pgf@decorate@repeatstate=\count280
\pgfdecorationsegmentamplitude=\dimen268
\pgfdecorationsegmentlength=\dimen269
)
\tikz@lib@dec@box=\box60
) (/usr/share/texlive/texmf-dist/tex/generic/pgf/libraries/decorations/pgflibrarydecorations.pathmorphing.code.tex)) (/usr/share/texlive/texmf-dist/tex/generic/pgf/frontendlayer/tikz/libraries/tikzlibrarydecorations.markings.code.tex (/usr/share/texlive/texmf-dist/tex/generic/pgf/libraries/decorations/pgflibrarydecorations.markings.code.tex)) (/usr/share/texlive/texmf-dist/tex/generic/pgf/frontendlayer/tikz/libraries/tikzlibrarycalc.code.tex
File: tikzlibrarycalc.code.tex 2020/01/08 v3.1.5b (3.1.5b)
) (/usr/share/texlive/texmf-dist/tex/generic/pgf/frontendlayer/tikz/libraries/tikzlibrarybackgrounds.code.tex
File: tikzlibrarybackgrounds.code.tex 2020/01/08 v3.1.5b (3.1.5b)
\pgf@layerbox@background=\box61
\pgf@layerboxsaved@background=\box62
) (/usr/share/texlive/texmf-dist/tex/latex/mathpartir/mathpartir.sty
Package: mathpartir 2016/02/24 version 1.3.2 Math Paragraph for Typesetting Inference Rules
\mpr@andskip=\skip61
\mpr@lista=\toks40
\mpr@listb=\toks41
\mpr@hlist=\box63
\mpr@vlist=\box64
\mpr@right=\box65
) (/usr/share/texlive/texmf-dist/tex/latex/microtype/microtype.sty
Package: microtype 2019/11/18 v2.7d Micro-typographical refinements (RS)
\MT@toks=\toks42
\MT@count=\count281
LaTeX Info: Redefining \textls on input line 790.
\MT@outer@kern=\dimen270
LaTeX Info: Redefining \textmicrotypecontext on input line 1354.
\MT@listname@count=\count282
 (/usr/share/texlive/texmf-dist/tex/latex/microtype/microtype-pdftex.def
File: microtype-pdftex.def 2019/11/18 v2.7d Definitions specific to pdftex (RS)
LaTeX Info: Redefining \lsstyle on input line 914.
LaTeX Info: Redefining \lslig on input line 914.
\MT@outer@space=\skip62
)
Package microtype Info: Loading configuration file microtype.cfg.
 (/usr/share/texlive/texmf-dist/tex/latex/microtype/microtype.cfg
File: microtype.cfg 2019/11/18 v2.7d microtype main configuration file (RS)
)) (/usr/share/texlive/texmf-dist/tex/latex/hyperref/hyperref.sty
Package: hyperref 2020/01/14 v7.00d Hypertext links for LaTeX
 (/usr/share/texlive/texmf-dist/tex/generic/ltxcmds/ltxcmds.sty
Package: ltxcmds 2019/12/15 v1.24 LaTeX kernel commands for general use (HO)
) (/usr/share/texlive/texmf-dist/tex/generic/iftex/iftex.sty
Package: iftex 2019/11/07 v1.0c TeX engine tests
) (/usr/share/texlive/texmf-dist/tex/latex/pdftexcmds/pdftexcmds.sty
Package: pdftexcmds 2019/11/24 v0.31 Utility functions of pdfTeX for LuaTeX (HO)
 (/usr/share/texlive/texmf-dist/tex/generic/infwarerr/infwarerr.sty
Package: infwarerr 2019/12/03 v1.5 Providing info/warning/error messages (HO)
)
Package pdftexcmds Info: \pdf@primitive is available.
Package pdftexcmds Info: \pdf@ifprimitive is available.
Package pdftexcmds Info: \pdfdraftmode found.
) (/usr/share/texlive/texmf-dist/tex/generic/kvsetkeys/kvsetkeys.sty
Package: kvsetkeys 2019/12/15 v1.18 Key value parser (HO)
) (/usr/share/texlive/texmf-dist/tex/generic/kvdefinekeys/kvdefinekeys.sty
Package: kvdefinekeys 2019-12-19 v1.6 Define keys (HO)
) (/usr/share/texlive/texmf-dist/tex/generic/pdfescape/pdfescape.sty
Package: pdfescape 2019/12/09 v1.15 Implements pdfTeX's escape features (HO)
) (/usr/share/texlive/texmf-dist/tex/latex/hycolor/hycolor.sty
Package: hycolor 2020-01-27 v1.10 Color options for hyperref/bookmark (HO)
) (/usr/share/texlive/texmf-dist/tex/latex/letltxmacro/letltxmacro.sty
Package: letltxmacro 2019/12/03 v1.6 Let assignment for LaTeX macros (HO)
) (/usr/share/texlive/texmf-dist/tex/latex/auxhook/auxhook.sty
Package: auxhook 2019-12-17 v1.6 Hooks for auxiliary files (HO)
) (/usr/share/texlive/texmf-dist/tex/latex/kvoptions/kvoptions.sty
Package: kvoptions 2019/11/29 v3.13 Key value format for package options (HO)
)
\@linkdim=\dimen271
\Hy@linkcounter=\count283
\Hy@pagecounter=\count284
 (/usr/share/texlive/texmf-dist/tex/latex/hyperref/pd1enc.def
File: pd1enc.def 2020/01/14 v7.00d Hyperref: PDFDocEncoding definition (HO)
Now handling font encoding PD1 ...
... no UTF-8 mapping file for font encoding PD1
) (/usr/share/texlive/texmf-dist/tex/generic/intcalc/intcalc.sty
Package: intcalc 2019/12/15 v1.3 Expandable calculations with integers (HO)
) (/usr/share/texlive/texmf-dist/tex/generic/etexcmds/etexcmds.sty
Package: etexcmds 2019/12/15 v1.7 Avoid name clashes with e-TeX commands (HO)
)
\Hy@SavedSpaceFactor=\count285
\pdfmajorversion=\count286
Package hyperref Info: Hyper figures OFF on input line 4547.
Package hyperref Info: Link nesting OFF on input line 4552.
Package hyperref Info: Hyper index ON on input line 4555.
Package hyperref Info: Plain pages OFF on input line 4562.
Package hyperref Info: Backreferencing OFF on input line 4567.
Package hyperref Info: Implicit mode ON; LaTeX internals redefined.
Package hyperref Info: Bookmarks ON on input line 4800.
\c@Hy@tempcnt=\count287
LaTeX Info: Redefining \url on input line 5159.
\XeTeXLinkMargin=\dimen272
 (/usr/share/texlive/texmf-dist/tex/generic/bitset/bitset.sty
Package: bitset 2019/12/09 v1.3 Handle bit-vector datatype (HO)
 (/usr/share/texlive/texmf-dist/tex/generic/bigintcalc/bigintcalc.sty
Package: bigintcalc 2019/12/15 v1.5 Expandable calculations on big integers (HO)
))
\Fld@menulength=\count288
\Field@Width=\dimen273
\Fld@charsize=\dimen274
Package hyperref Info: Hyper figures OFF on input line 6430.
Package hyperref Info: Link nesting OFF on input line 6435.
Package hyperref Info: Hyper index ON on input line 6438.
Package hyperref Info: backreferencing OFF on input line 6445.
Package hyperref Info: Link coloring OFF on input line 6450.
Package hyperref Info: Link coloring with OCG OFF on input line 6455.
Package hyperref Info: PDF/A mode OFF on input line 6460.
LaTeX Info: Redefining \ref on input line 6500.
LaTeX Info: Redefining \pageref on input line 6504.
 (/usr/share/texlive/texmf-dist/tex/generic/atbegshi/atbegshi.sty
Package: atbegshi 2019/12/05 v1.19 At begin shipout hook (HO)
)
\Hy@abspage=\count289
\c@Item=\count290
\c@Hfootnote=\count291
)
Package hyperref Info: Driver (autodetected): hpdftex.
 (/usr/share/texlive/texmf-dist/tex/latex/hyperref/hpdftex.def
File: hpdftex.def 2020/01/14 v7.00d Hyperref driver for pdfTeX
 (/usr/share/texlive/texmf-dist/tex/latex/atveryend/atveryend.sty
Package: atveryend 2019-12-11 v1.11 Hooks at the very end of document (HO)
Package atveryend Info: \enddocument detected (standard20110627).
)
\Fld@listcount=\count292
\c@bookmark@seq@number=\count293
 (/usr/share/texlive/texmf-dist/tex/latex/rerunfilecheck/rerunfilecheck.sty
Package: rerunfilecheck 2019/12/05 v1.9 Rerun checks for auxiliary files (HO)
 (/usr/share/texlive/texmf-dist/tex/generic/uniquecounter/uniquecounter.sty
Package: uniquecounter 2019/12/15 v1.4 Provide unlimited unique counter (HO)
)
Package uniquecounter Info: New unique counter `rerunfilecheck' on input line 286.
)
\Hy@SectionHShift=\skip63
) (/usr/share/texlive/texmf-dist/tex/latex/graphics/lscape.sty
Package: lscape 2000/10/22 v3.01 Landscape Pages (DPC)
) (/usr/share/texlive/texmf-dist/tex/latex/enumitem/enumitem.sty
Package: enumitem 2019/06/20 v3.9 Customized lists
\labelindent=\skip64
\enit@outerparindent=\dimen275
\enit@toks=\toks43
\enit@inbox=\box66
\enit@count@id=\count294
\enitdp@description=\count295
) (/usr/share/texlive/texmf-dist/tex/latex/appendix/appendix.sty
Package: appendix 2020/02/08 v1.2c extra appendix facilities
\c@@pps=\count296
\c@@ppsavesec=\count297
\c@@ppsaveapp=\count298
)
\c@theorem=\count299
\c@definition=\count300
\c@lemma=\count301
\c@proposition=\count302
\c@agdadef=\count303
 (/home/croos/Desktop/exjobb/thesis/macros.tex (/home/croos/Desktop/exjobb/thesis/agda/latex/agda.sty

LaTeX Warning: You have requested package `agda/latex/agda',
               but the package provides `agda'.

Package: agda 2021/07/14 version 2.6.3 Formatting LaTeX generated by Agda
(/usr/share/texlive/texmf-dist/tex/generic/iftex/ifxetex.sty
Package: ifxetex 2019/10/25 v0.7 ifxetex legacy package. Use iftex instead.
) (/usr/share/texlive/texmf-dist/tex/generic/iftex/ifluatex.sty
Package: ifluatex 2019/10/25 v1.5 ifluatex legacy package. Use iftex instead.
) (/usr/share/texlive/texmf-dist/tex/latex/xifthen/xifthen.sty
Package: xifthen 2015/11/05 v1.4.0 Extended ifthen features
 (/usr/share/texlive/texmf-dist/tex/latex/base/ifthen.sty
Package: ifthen 2014/09/29 v1.1c Standard LaTeX ifthen package (DPC)
) (/usr/share/texlive/texmf-dist/tex/latex/ifmtarg/ifmtarg.sty
Package: ifmtarg 2018/04/16 v1.2b check for an empty argument
)) (/usr/share/texlive/texmf-dist/tex/latex/polytable/polytable.sty
Package: polytable 2013/07/18 v0.8.5 `polytable' package (Andres Loeh)
 (/usr/share/texlive/texmf-dist/tex/latex/lazylist/lazylist.sty) (/usr/share/texlive/texmf-dist/tex/latex/tools/array.sty
Package: array 2019/08/31 v2.4l Tabular extension package (FMi)
\col@sep=\dimen276
\ar@mcellbox=\box67
\extrarowheight=\dimen277
\NC@list=\toks44
\extratabsurround=\skip65
\backup@length=\skip66
\ar@cellbox=\box68
)
\PT@colwidth=\dimen278
\PT@cols=\count304
\PT@table=\count305
\PT@toks=\toks45
\PT@in=\read3
\PT@out=\write4
) (/usr/share/texlive/texmf-dist/tex/latex/etoolbox/etoolbox.sty
Package: etoolbox 2019/09/21 v2.5h e-TeX tools for LaTeX (JAW)
\etb@tempcnta=\count306
) (/usr/share/texlive/texmf-dist/tex/latex/environ/environ.sty
Package: environ 2014/05/04 v0.3 A new way to define environments
 (/usr/share/texlive/texmf-dist/tex/latex/trimspaces/trimspaces.sty
Package: trimspaces 2009/09/17 v1.1 Trim spaces around a token list
)) (/usr/share/texlive/texmf-dist/tex/latex/l3packages/xparse/xparse.sty (/usr/share/texlive/texmf-dist/tex/latex/l3kernel/expl3.sty
Package: expl3 2020-02-14 L3 programming layer (loader) 
 (/usr/share/texlive/texmf-dist/tex/latex/l3backend/l3backend-pdfmode.def
File: l3backend-pdfmode.def 2020-02-03 L3 backend support: PDF mode
\l__kernel_color_stack_int=\count307
\l__pdf_internal_box=\box69
))
Package: xparse 2020-02-14 L3 Experimental document command parser
\l__xparse_current_arg_int=\count308
\g__xparse_grabber_int=\count309
\l__xparse_m_args_int=\count310
\l__xparse_v_nesting_int=\count311
) (/usr/share/texlive/texmf-dist/tex/latex/xkeyval/xkeyval.sty
Package: xkeyval 2014/12/03 v2.7a package option processing (HA)
 (/usr/share/texlive/texmf-dist/tex/generic/xkeyval/xkeyval.tex (/usr/share/texlive/texmf-dist/tex/generic/xkeyval/xkvutils.tex
\XKV@toks=\toks46
\XKV@tempa@toks=\toks47
)
\XKV@depth=\count312
File: xkeyval.tex 2014/12/03 v2.7a key=value parser (HA)
))
\mathindent=\dimen279
\c@Agda@Current=\count313
\c@Agda@Previous=\count314
\c@Agda@AlignStart=\count315
\c@Agda@SuppressStart=\count316
\AgdaEmptySkip=\skip67
\AgdaEmptyExtraSkip=\skip68
\c@AgdaCodeNumber=\count317
) (/usr/share/texlive/texmf-dist/tex/latex/catchfilebetweentags/catchfilebetweentags.sty
Package: catchfilebetweentags 2011/02/19 v1.1 - Catch file between tags (FC)
 (/usr/share/texlive/texmf-dist/tex/latex/etex-pkg/etex.sty
Package: etex 2016/08/01 v2.7 eTeX basic definition package (PEB,DPC)


Package etex Warning: Extended allocation already in use.
(etex)                etex.sty code will not be used.
(etex)                To force etex package to load, add
(etex)                \RequirePackage{etex}
(etex)                at the start of the document.

) (/usr/share/texlive/texmf-dist/tex/generic/catchfile/catchfile.sty
Package: catchfile 2019/12/09 v1.8 Catch the contents of a file (HO)
)
\CatchFBT@tok=\toks48
) (/usr/share/texlive/texmf-dist/tex/latex/newunicodechar/newunicodechar.sty
Package: newunicodechar 2018/04/08 v1.2 Defining Unicode characters
)

Package newunicodechar Warning: Redefining Unicode character on input line 64.


Package newunicodechar Warning: Redefining Unicode character on input line 65.


Package newunicodechar Warning: Redefining Unicode character on input line 78.


Package newunicodechar Warning: Redefining Unicode character on input line 79.


Package newunicodechar Warning: Redefining Unicode character on input line 81.


Package newunicodechar Warning: Redefining Unicode character on input line 104.


Package newunicodechar Warning: Redefining Unicode character on input line 106.

) (/home/croos/Desktop/exjobb/thesis/thesis.aux)
\openout1 = `thesis.aux'.

LaTeX Font Info:    Checking defaults for OML/cmm/m/it on input line 35.
LaTeX Font Info:    ... okay on input line 35.
LaTeX Font Info:    Checking defaults for OMS/cmsy/m/n on input line 35.
LaTeX Font Info:    ... okay on input line 35.
LaTeX Font Info:    Checking defaults for OT1/cmr/m/n on input line 35.
LaTeX Font Info:    ... okay on input line 35.
LaTeX Font Info:    Checking defaults for T1/cmr/m/n on input line 35.
LaTeX Font Info:    ... okay on input line 35.
LaTeX Font Info:    Checking defaults for TS1/cmr/m/n on input line 35.
LaTeX Font Info:    ... okay on input line 35.
LaTeX Font Info:    Checking defaults for OMX/cmex/m/n on input line 35.
LaTeX Font Info:    ... okay on input line 35.
LaTeX Font Info:    Checking defaults for U/cmr/m/n on input line 35.
LaTeX Font Info:    ... okay on input line 35.
LaTeX Font Info:    Checking defaults for PD1/pdf/m/n on input line 35.
LaTeX Font Info:    ... okay on input line 35.
 ABD: EveryShipout initializing macros (/usr/share/texlive/texmf-dist/tex/context/base/mkii/supp-pdf.mkii
[Loading MPS to PDF converter (version 2006.09.02).]
\scratchcounter=\count318
\scratchdimen=\dimen280
\scratchbox=\box70
\nofMPsegments=\count319
\nofMParguments=\count320
\everyMPshowfont=\toks49
\MPscratchCnt=\count321
\MPscratchDim=\dimen281
\MPnumerator=\count322
\makeMPintoPDFobject=\count323
\everyMPtoPDFconversion=\toks50
) (/usr/share/texlive/texmf-dist/tex/latex/epstopdf-pkg/epstopdf-base.sty
Package: epstopdf-base 2020-01-24 v2.11 Base part for package epstopdf
Package epstopdf-base Info: Redefining graphics rule for `.eps' on input line 485.
 (/usr/share/texlive/texmf-dist/tex/latex/latexconfig/epstopdf-sys.cfg
File: epstopdf-sys.cfg 2010/07/13 v1.3 Configuration of (r)epstopdf for TeX Live
))
LaTeX Info: Redefining \microtypecontext on input line 35.
Package microtype Info: Generating PDF output.
Package microtype Info: Character protrusion enabled (level 2).
Package microtype Info: Using default protrusion set `alltext'.
Package microtype Info: Automatic font expansion enabled (level 2),
(microtype)             stretch: 20, shrink: 20, step: 1, non-selected.
Package microtype Info: Using default expansion set `basictext'.
LaTeX Info: Redefining \showhyphens on input line 35.
Package microtype Info: No adjustment of tracking.
Package microtype Info: No adjustment of interword spacing.
Package microtype Info: No adjustment of character kerning.
 (/usr/share/texlive/texmf-dist/tex/latex/microtype/mt-cmr.cfg
File: mt-cmr.cfg 2013/05/19 v2.2 microtype config. file: Computer Modern Roman (RS)
)
\AtBeginShipoutBox=\box71
Package hyperref Info: Link coloring OFF on input line 35.
 (/usr/share/texlive/texmf-dist/tex/latex/hyperref/nameref.sty
Package: nameref 2019/09/16 v2.46 Cross-referencing by name of section
 (/usr/share/texlive/texmf-dist/tex/latex/refcount/refcount.sty
Package: refcount 2019/12/15 v3.6 Data extraction from label references (HO)
) (/usr/share/texlive/texmf-dist/tex/generic/gettitlestring/gettitlestring.sty
Package: gettitlestring 2019/12/15 v1.6 Cleanup title references (HO)
)
\c@section@level=\count324
)
LaTeX Info: Redefining \ref on input line 35.
LaTeX Info: Redefining \pageref on input line 35.
LaTeX Info: Redefining \nameref on input line 35.
 (/home/croos/Desktop/exjobb/thesis/thesis.out) (/home/croos/Desktop/exjobb/thesis/thesis.out)
\@outlinefile=\write5
\openout5 = `thesis.out'.

 [1

{/var/lib/texmf/fonts/map/pdftex/updmap/pdftex.map}] (/home/croos/Desktop/exjobb/thesis/thesis.toc
LaTeX Font Info:    Trying to load font information for U+msa on input line 3.
 (/usr/share/texlive/texmf-dist/tex/latex/amsfonts/umsa.fd
File: umsa.fd 2013/01/14 v3.01 AMS symbols A
) (/usr/share/texlive/texmf-dist/tex/latex/microtype/mt-msa.cfg
File: mt-msa.cfg 2006/02/04 v1.1 microtype config. file: AMS symbols (a) (RS)
)
LaTeX Font Info:    Trying to load font information for U+msb on input line 3.
 (/usr/share/texlive/texmf-dist/tex/latex/amsfonts/umsb.fd
File: umsb.fd 2013/01/14 v3.01 AMS symbols B
) (/usr/share/texlive/texmf-dist/tex/latex/microtype/mt-msb.cfg
File: mt-msb.cfg 2005/06/01 v1.0 microtype config. file: AMS symbols (b) (RS)
))
\tf@toc=\write6
\openout6 = `thesis.toc'.

pdfTeX warning (ext4): destination with the same identifier (name{page.1}) has been already used, duplicate ignored
<to be read again> 
                   \relax 
l.47 \newpage
              [1]
Package microtype Info: Loading generic protrusion settings for font family
(microtype)             `cmtt' (encoding: OT1).
(microtype)             For optimal results, create family-specific settings.
(microtype)             See the microtype manual for details.
pdfTeX warning (ext4): destination with the same identifier (name{page.1}) has been already used, duplicate ignored
<to be read again> 
                   \relax 
l.83 
      [1] (/home/croos/Desktop/exjobb/thesis/agda/latex/examples.tex)
\openout4 = `thesis.ptb'.

Package microtype Info: Loading generic protrusion settings for font family
(microtype)             `cmss' (encoding: OT1).
(microtype)             For optimal results, create family-specific settings.
(microtype)             See the microtype manual for details.
 (/home/croos/Desktop/exjobb/thesis/agda/latex/examples.tex)
\openout4 = `thesis.ptb'.

 [2] (/home/croos/Desktop/exjobb/thesis/agda/latex/examples.tex)
\openout4 = `thesis.ptb'.

LaTeX Font Info:    Trying to load font information for U+bbold on input line 119.
 (/usr/share/texlive/texmf-dist/tex/latex/bbold/Ubbold.fd) (/home/croos/Desktop/exjobb/thesis/agda/latex/examples.tex)
\openout4 = `thesis.ptb'.

 (/home/croos/Desktop/exjobb/thesis/agda/latex/examples.tex)
\openout4 = `thesis.ptb'.

 (/home/croos/Desktop/exjobb/thesis/agda/latex/examples.tex)
\openout4 = `thesis.ptb'.

 (/home/croos/Desktop/exjobb/thesis/agda/latex/examples.tex)
\openout4 = `thesis.ptb'.

 [3]
LaTeX Font Info:    Trying to load font information for OMS+cmr on input line 139.
 (/usr/share/texlive/texmf-dist/tex/latex/base/omscmr.fd
File: omscmr.fd 2019/12/16 v2.5j Standard LaTeX font definitions
)
LaTeX Font Info:    Font shape `OMS/cmr/m/n' in size <10> not available
(Font)              Font shape `OMS/cmsy/m/n' tried instead on input line 139.
 (/home/croos/Desktop/exjobb/thesis/agda/latex/examples.tex)
\openout4 = `thesis.ptb'.

LaTeX Font Info:    Trying to load font information for OMS+cmss on input line 141.
LaTeX Font Info:    No file OMScmss.fd. on input line 141.


LaTeX Font Warning: Font shape `OMS/cmss/m/n' undefined
(Font)              using `OMS/cmsy/m/n' instead
(Font)              for symbol `textbraceleft' on input line 141.

[4] (/home/croos/Desktop/exjobb/thesis/agda/latex/LindenbaumTarski.tex)
\openout4 = `thesis.ptb'.

LaTeX Font Info:    Font shape `OT1/cmss/m/it' in size <10> not available
(Font)              Font shape `OT1/cmss/m/sl' tried instead on input line 199.
 [5] (/home/croos/Desktop/exjobb/thesis/agda/latex/LindenbaumTarski.tex)
\openout4 = `thesis.ptb'.

 (/home/croos/Desktop/exjobb/thesis/agda/latex/LindenbaumTarski.tex)
\openout4 = `thesis.ptb'.



LaTeX Font Warning: Font shape `OMS/cmss/m/it' undefined
(Font)              using `OMS/cmss/m/n' instead
(Font)              for symbol `textbraceleft' on input line 230.

(/home/croos/Desktop/exjobb/thesis/agda/latex/LindenbaumTarski.tex)
\openout4 = `thesis.ptb'.

 [6] (/home/croos/Desktop/exjobb/thesis/agda/latex/LindenbaumTarski.tex)
\openout4 = `thesis.ptb'.

 (/home/croos/Desktop/exjobb/thesis/agda/latex/LindenbaumTarski.tex)
\openout4 = `thesis.ptb'.

 (/home/croos/Desktop/exjobb/thesis/agda/latex/LindenbaumTarski.tex)
\openout4 = `thesis.ptb'.

 (/home/croos/Desktop/exjobb/thesis/agda/latex/LindenbaumTarski.tex)
\openout4 = `thesis.ptb'.

 [7] (/home/croos/Desktop/exjobb/thesis/agda/latex/LindenbaumTarski.tex)
\openout4 = `thesis.ptb'.

 (/home/croos/Desktop/exjobb/thesis/agda/latex/LindenbaumTarski.tex)
\openout4 = `thesis.ptb'.

 (/home/croos/Desktop/exjobb/thesis/agda/latex/LindenbaumTarski.tex)
\openout4 = `thesis.ptb'.

 (/home/croos/Desktop/exjobb/thesis/agda/latex/LindenbaumTarski.tex)
\openout4 = `thesis.ptb'.

 [8] (/home/croos/Desktop/exjobb/thesis/agda/latex/LindenbaumTarski.tex)
\openout4 = `thesis.ptb'.

 (/home/croos/Desktop/exjobb/thesis/agda/latex/LindenbaumTarski.tex)
\openout4 = `thesis.ptb'.

 (/home/croos/Desktop/exjobb/thesis/agda/latex/LindenbaumTarski.tex)
\openout4 = `thesis.ptb'.

 (/home/croos/Desktop/exjobb/thesis/agda/latex/LindenbaumTarski.tex)
\openout4 = `thesis.ptb'.

 [9] (/home/croos/Desktop/exjobb/thesis/agda/latex/LindenbaumTarski.tex)
\openout4 = `thesis.ptb'.

 (/home/croos/Desktop/exjobb/thesis/agda/latex/LindenbaumTarski.tex)
\openout4 = `thesis.ptb'.

 [10] (/home/croos/Desktop/exjobb/thesis/agda/latex/LindenbaumTarski.tex)
\openout4 = `thesis.ptb'.

 (/home/croos/Desktop/exjobb/thesis/agda/latex/LindenbaumTarski.tex)
\openout4 = `thesis.ptb'.

 (/home/croos/Desktop/exjobb/thesis/agda/latex/LindenbaumTarski.tex)
\openout4 = `thesis.ptb'.

 (/home/croos/Desktop/exjobb/thesis/agda/latex/LindenbaumTarski.tex)
\openout4 = `thesis.ptb'.

 [11] (/home/croos/Desktop/exjobb/thesis/agda/latex/LindenbaumTarski.tex)
\openout4 = `thesis.ptb'.

 (/home/croos/Desktop/exjobb/thesis/agda/latex/LindenbaumTarski.tex)
\openout4 = `thesis.ptb'.

 (/home/croos/Desktop/exjobb/thesis/agda/latex/LindenbaumTarski.tex)
\openout4 = `thesis.ptb'.

 (/home/croos/Desktop/exjobb/thesis/agda/latex/LindenbaumTarski.tex)
\openout4 = `thesis.ptb'.

 [12] (/home/croos/Desktop/exjobb/thesis/agda/latex/LindenbaumTarski.tex)
\openout4 = `thesis.ptb'.

 (/home/croos/Desktop/exjobb/thesis/agda/latex/LindenbaumTarski.tex)
\openout4 = `thesis.ptb'.

 [13] (/home/croos/Desktop/exjobb/thesis/agda/latex/LindenbaumTarski.tex)
\openout4 = `thesis.ptb'.

 (/home/croos/Desktop/exjobb/thesis/agda/latex/LindenbaumTarski.tex)
\openout4 = `thesis.ptb'.

 (/home/croos/Desktop/exjobb/thesis/agda/latex/LindenbaumTarski.tex)
\openout4 = `thesis.ptb'.

 [14] (/home/croos/Desktop/exjobb/thesis/agda/latex/LindenbaumTarski.tex)
\openout4 = `thesis.ptb'.

 [15] (/home/croos/Desktop/exjobb/thesis/agda/latex/LindenbaumTarski.tex) [16]
\openout4 = `thesis.ptb'.

 (/home/croos/Desktop/exjobb/thesis/agda/latex/LindenbaumTarski.tex)
\openout4 = `thesis.ptb'.

 (/home/croos/Desktop/exjobb/thesis/agda/latex/LindenbaumTarski.tex)
\openout4 = `thesis.ptb'.

 [17] (/home/croos/Desktop/exjobb/thesis/agda/latex/LindenbaumTarski.tex)
\openout4 = `thesis.ptb'.

 [18] (/home/croos/Desktop/exjobb/thesis/agda/latex/LindenbaumTarski.tex)
\openout4 = `thesis.ptb'.

 (/home/croos/Desktop/exjobb/thesis/agda/latex/LindenbaumTarski.tex)
\openout4 = `thesis.ptb'.

 (/home/croos/Desktop/exjobb/thesis/agda/latex/LindenbaumTarski.tex)
\openout4 = `thesis.ptb'.

 [19] (/home/croos/Desktop/exjobb/thesis/agda/latex/LindenbaumTarski.tex)
\openout4 = `thesis.ptb'.

 (/home/croos/Desktop/exjobb/thesis/agda/latex/LindenbaumTarski.tex)
\openout4 = `thesis.ptb'.

 [20] (/home/croos/Desktop/exjobb/thesis/agda/latex/LindenbaumTarski.tex)
\openout4 = `thesis.ptb'.

 [21] (/home/croos/Desktop/exjobb/thesis/agda/latex/LindenbaumTarski.tex)
\openout4 = `thesis.ptb'.

 (/home/croos/Desktop/exjobb/thesis/agda/latex/LindenbaumTarski.tex)
\openout4 = `thesis.ptb'.


Overfull \hbox (2.22223pt too wide) detected at line 1075
 |  
 []

[22] (/home/croos/Desktop/exjobb/thesis/agda/latex/LindenbaumTarski.tex)
\openout4 = `thesis.ptb'.

 (/home/croos/Desktop/exjobb/thesis/agda/latex/LindenbaumTarski.tex)
\openout4 = `thesis.ptb'.

 (/home/croos/Desktop/exjobb/thesis/agda/latex/LindenbaumTarski.tex)
\openout4 = `thesis.ptb'.

 [23] [24] [25] (/home/croos/Desktop/exjobb/thesis/agda/latex/LindenbaumTarski.tex)
\openout4 = `thesis.ptb'.


Overfull \hbox (76.16843pt too wide) in paragraph at lines 1212--1212
 [][][][] 
 []


Overfull \hbox (76.16843pt too wide) in paragraph at lines 1212--1212
 [][][][][][] 
 []


Overfull \hbox (76.16843pt too wide) in paragraph at lines 1212--1212
 [][][][][][] 
 []


Overfull \hbox (76.16843pt too wide) in paragraph at lines 1212--1212
 [][][][] 
 []


Overfull \hbox (76.16843pt too wide) in paragraph at lines 1212--1212
 [][][][] 
 []


Overfull \hbox (76.16843pt too wide) in paragraph at lines 1212--1212
 [][][][] 
 []


Overfull \hbox (76.16843pt too wide) in paragraph at lines 1212--1212
 [][][][] 
 []


Overfull \hbox (76.16843pt too wide) in paragraph at lines 1212--1212
 [][][][] 
 []


Overfull \hbox (76.16843pt too wide) in paragraph at lines 1212--1212
 [][][][] 
 []


Overfull \hbox (76.16843pt too wide) in paragraph at lines 1212--1212
 [][][][] 
 []


Overfull \hbox (76.16843pt too wide) in paragraph at lines 1212--1212
 [][][][] 
 []


Overfull \hbox (76.16843pt too wide) in paragraph at lines 1212--1212
 [][][][] 
 []


Overfull \hbox (76.16843pt too wide) in paragraph at lines 1212--1212
 [][][][] 
 []


Overfull \hbox (76.16843pt too wide) in paragraph at lines 1212--1212
 [][][][] 
 []


Overfull \hbox (76.16843pt too wide) in paragraph at lines 1212--1212
 [][][][] 
 []


Overfull \hbox (76.16843pt too wide) in paragraph at lines 1212--1212
 [][][][][][] 
 []


Overfull \hbox (76.16843pt too wide) in paragraph at lines 1212--1212
 [][][][] 
 []


Overfull \hbox (76.16843pt too wide) in paragraph at lines 1212--1212
 [][] 
 []


Overfull \hbox (76.16843pt too wide) in paragraph at lines 1212--1212
 [][] 
 []


Overfull \hbox (76.16843pt too wide) in paragraph at lines 1212--1212
 [][] 
 []


Overfull \hbox (76.16843pt too wide) in paragraph at lines 1212--1212
 [][] 
 []


Overfull \hbox (76.16843pt too wide) in paragraph at lines 1212--1212
 [][] 
 []


Overfull \hbox (76.16843pt too wide) in paragraph at lines 1212--1212
 [][] 
 []


Overfull \hbox (76.16843pt too wide) in paragraph at lines 1212--1212
 [][] 
 []


Overfull \hbox (76.16843pt too wide) in paragraph at lines 1212--1212
 [][] 
 []


Overfull \hbox (76.16843pt too wide) in paragraph at lines 1212--1212
 [][] 
 []


Overfull \hbox (76.16843pt too wide) in paragraph at lines 1212--1212
 [][] 
 []


Overfull \hbox (76.16843pt too wide) in paragraph at lines 1212--1212
 [][] 
 []


Overfull \hbox (76.16843pt too wide) in paragraph at lines 1212--1212
 [][] 
 []


Overfull \hbox (76.16843pt too wide) in paragraph at lines 1212--1212
 [][] 
 []


Overfull \hbox (76.16843pt too wide) in paragraph at lines 1212--1212
 [][] 
 []


Overfull \hbox (76.16843pt too wide) in paragraph at lines 1212--1212
 [][] 
 []


Overfull \hbox (76.16843pt too wide) in paragraph at lines 1212--1212
 [][] 
 []


Overfull \hbox (76.16843pt too wide) in paragraph at lines 1212--1212
 [][] 
 []


Overfull \hbox (76.16843pt too wide) in paragraph at lines 1212--1212
 [][] 
 []


Overfull \hbox (76.16843pt too wide) in paragraph at lines 1212--1212
 [][] 
 []


Overfull \hbox (76.16843pt too wide) in paragraph at lines 1212--1212
 [][] 
 []


Overfull \hbox (76.16843pt too wide) in paragraph at lines 1212--1212
 [][] 
 []


Overfull \hbox (76.16843pt too wide) in paragraph at lines 1212--1212
 [][][][][][] 
 []


Overfull \hbox (76.16843pt too wide) in paragraph at lines 1212--1212
 [][][][][][][][] 
 []


Overfull \hbox (76.16843pt too wide) in paragraph at lines 1212--1212
 [][][][][][] 
 []


Overfull \hbox (76.16843pt too wide) in paragraph at lines 1212--1212
 [][] 
 []


Overfull \hbox (76.16843pt too wide) in paragraph at lines 1212--1212
 [][] 
 []


Overfull \hbox (76.16843pt too wide) in paragraph at lines 1212--1212
 [][][][][][] 
 []


Overfull \hbox (76.16843pt too wide) in paragraph at lines 1212--1212
 [][][][][][][][] 
 []


Overfull \hbox (76.16843pt too wide) in paragraph at lines 1212--1212
 [][][][][][] 
 []


Overfull \hbox (76.16843pt too wide) in paragraph at lines 1212--1212
 [][] 
 []


Overfull \hbox (76.16843pt too wide) in paragraph at lines 1212--1212
 [][] 
 []


Overfull \hbox (76.16843pt too wide) in paragraph at lines 1212--1212
 [][][][][][] 
 []


Overfull \hbox (76.16843pt too wide) in paragraph at lines 1212--1212
 [][][][][][][][] 
 []


Overfull \hbox (76.16843pt too wide) in paragraph at lines 1212--1212
 [][][][][][] 
 []


Overfull \hbox (76.16843pt too wide) in paragraph at lines 1212--1212
 [][] 
 []


Overfull \hbox (76.16843pt too wide) in paragraph at lines 1212--1212
 [][] 
 []


Overfull \hbox (76.16843pt too wide) in paragraph at lines 1212--1212
 [][][][][][] 
 []


Overfull \hbox (76.16843pt too wide) in paragraph at lines 1212--1212
 [][][][][][][][] 
 []


Overfull \hbox (76.16843pt too wide) in paragraph at lines 1212--1212
 [][][][][][] 
 []

[26] (/home/croos/Desktop/exjobb/thesis/agda/latex/LindenbaumTarski.tex)
\openout4 = `thesis.ptb'.


Overfull \hbox (108.89078pt too wide) in paragraph at lines 1214--1214
 [][] 
 []


Overfull \hbox (108.89078pt too wide) in paragraph at lines 1214--1214
 [][] 
 []


Overfull \hbox (108.89078pt too wide) in paragraph at lines 1214--1214
 [][] 
 []


Overfull \hbox (108.89078pt too wide) in paragraph at lines 1214--1214
 [][] 
 []


Overfull \hbox (108.89078pt too wide) in paragraph at lines 1214--1214
 [][][][][][] 
 []


Overfull \hbox (108.89078pt too wide) in paragraph at lines 1214--1214
 [][][][][][] 
 []


Overfull \hbox (108.89078pt too wide) in paragraph at lines 1214--1214
 [][][][] 
 []


Overfull \hbox (108.89078pt too wide) in paragraph at lines 1214--1214
 [][] 
 []


Overfull \hbox (108.89078pt too wide) in paragraph at lines 1214--1214
 [][] 
 []


Overfull \hbox (108.89078pt too wide) in paragraph at lines 1214--1214
 [][] 
 []


Overfull \hbox (108.89078pt too wide) in paragraph at lines 1214--1214
 [][][][][][] 
 []


Overfull \hbox (108.89078pt too wide) in paragraph at lines 1214--1214
 [][][][][][] 
 []


Overfull \hbox (108.89078pt too wide) in paragraph at lines 1214--1214
 [][][][][][] 
 []


Overfull \hbox (108.89078pt too wide) in paragraph at lines 1214--1214
 [][][][][][][][] 
 []


Overfull \hbox (108.89078pt too wide) in paragraph at lines 1214--1214
 [][][][][][] 
 []

[27] (/home/croos/Desktop/exjobb/thesis/agda/latex/LindenbaumTarski.tex)
\openout4 = `thesis.ptb'.

 [28] (/home/croos/Desktop/exjobb/thesis/thesis.bbl) [29] (/home/croos/Desktop/exjobb/thesis/agda/latex/LindenbaumTarski.tex)
\openout4 = `thesis.ptb'.

\openout4 = `thesis.ptb'.

\openout4 = `thesis.ptb'.

\openout4 = `thesis.ptb'.

\openout4 = `thesis.ptb'.

\openout4 = `thesis.ptb'.

\openout4 = `thesis.ptb'.

\openout4 = `thesis.ptb'.

\openout4 = `thesis.ptb'.

\openout4 = `thesis.ptb'.

 [30]
\openout4 = `thesis.ptb'.

\openout4 = `thesis.ptb'.

\openout4 = `thesis.ptb'.

\openout4 = `thesis.ptb'.

\openout4 = `thesis.ptb'.

\openout4 = `thesis.ptb'.

\openout4 = `thesis.ptb'.

\openout4 = `thesis.ptb'.

\openout4 = `thesis.ptb'.

\openout4 = `thesis.ptb'.

\openout4 = `thesis.ptb'.

 [31]
\openout4 = `thesis.ptb'.

\openout4 = `thesis.ptb'.

\openout4 = `thesis.ptb'.

LaTeX Font Info:    Trying to load font information for OMS+cmtt on input line 1277.
 (/usr/share/texmf/tex/latex/R/tex/latex/omscmtt.fd
File: omscmtt.fd 
)
LaTeX Font Info:    Font shape `OMS/cmtt/m/n' in size <10> not available
(Font)              Font shape `OMS/cmsy/m/n' tried instead on input line 1277.
\openout4 = `thesis.ptb'.

\openout4 = `thesis.ptb'.

\openout4 = `thesis.ptb'.

\openout4 = `thesis.ptb'.

\openout4 = `thesis.ptb'.

\openout4 = `thesis.ptb'.

\openout4 = `thesis.ptb'.

 [32]
\openout4 = `thesis.ptb'.

\openout4 = `thesis.ptb'.

\openout4 = `thesis.ptb'.

\openout4 = `thesis.ptb'.

\openout4 = `thesis.ptb'.

\openout4 = `thesis.ptb'.

\openout4 = `thesis.ptb'.

\openout4 = `thesis.ptb'.

\openout4 = `thesis.ptb'.

\openout4 = `thesis.ptb'.

\openout4 = `thesis.ptb'.

\openout4 = `thesis.ptb'.

\openout4 = `thesis.ptb'.

 [33]
\openout4 = `thesis.ptb'.

\openout4 = `thesis.ptb'.

\openout4 = `thesis.ptb'.

\openout4 = `thesis.ptb'.

\openout4 = `thesis.ptb'.

\openout4 = `thesis.ptb'.

\openout4 = `thesis.ptb'.

\openout4 = `thesis.ptb'.

 [34]
\openout4 = `thesis.ptb'.

\openout4 = `thesis.ptb'.

\openout4 = `thesis.ptb'.

\openout4 = `thesis.ptb'.

\openout4 = `thesis.ptb'.

\openout4 = `thesis.ptb'.

 [35]
\openout4 = `thesis.ptb'.


Overfull \hbox (2.22223pt too wide) detected at line 1277
 |  
 []

\openout4 = `thesis.ptb'.


Overfull \hbox (35.0803pt too wide) in paragraph at lines 1277--1277
 [][] 
 []


Overfull \hbox (35.0803pt too wide) in paragraph at lines 1277--1277
 [][] 
 []


Overfull \hbox (35.0803pt too wide) in paragraph at lines 1277--1277
 [][] 
 []

\openout4 = `thesis.ptb'.

\openout4 = `thesis.ptb'.

\openout4 = `thesis.ptb'.

\openout4 = `thesis.ptb'.

\openout4 = `thesis.ptb'.

\openout4 = `thesis.ptb'.

\openout4 = `thesis.ptb'.

\openout4 = `thesis.ptb'.


Overfull \hbox (3.58058pt too wide) in paragraph at lines 1277--1277
 [][] 
 []


Overfull \hbox (3.58058pt too wide) in paragraph at lines 1277--1277
 [][] 
 []


Overfull \hbox (3.58058pt too wide) in paragraph at lines 1277--1277
 [][] 
 []


Overfull \hbox (3.58058pt too wide) in paragraph at lines 1277--1277
 [][] 
 []


Overfull \hbox (3.58058pt too wide) in paragraph at lines 1277--1277
 [][] 
 []

[36]
\openout4 = `thesis.ptb'.


Overfull \hbox (76.16843pt too wide) in paragraph at lines 1277--1277
 [][][][] 
 []


Overfull \hbox (76.16843pt too wide) in paragraph at lines 1277--1277
 [][][][][][] 
 []


Overfull \hbox (76.16843pt too wide) in paragraph at lines 1277--1277
 [][][][][][] 
 []


Overfull \hbox (76.16843pt too wide) in paragraph at lines 1277--1277
 [][][][] 
 []


Overfull \hbox (76.16843pt too wide) in paragraph at lines 1277--1277
 [][][][] 
 []


Overfull \hbox (76.16843pt too wide) in paragraph at lines 1277--1277
 [][][][] 
 []


Overfull \hbox (76.16843pt too wide) in paragraph at lines 1277--1277
 [][][][] 
 []


Overfull \hbox (76.16843pt too wide) in paragraph at lines 1277--1277
 [][][][] 
 []


Overfull \hbox (76.16843pt too wide) in paragraph at lines 1277--1277
 [][][][] 
 []


Overfull \hbox (76.16843pt too wide) in paragraph at lines 1277--1277
 [][][][] 
 []


Overfull \hbox (76.16843pt too wide) in paragraph at lines 1277--1277
 [][][][] 
 []


Overfull \hbox (76.16843pt too wide) in paragraph at lines 1277--1277
 [][][][] 
 []


Overfull \hbox (76.16843pt too wide) in paragraph at lines 1277--1277
 [][][][] 
 []


Overfull \hbox (76.16843pt too wide) in paragraph at lines 1277--1277
 [][][][] 
 []


Overfull \hbox (76.16843pt too wide) in paragraph at lines 1277--1277
 [][][][] 
 []


Overfull \hbox (76.16843pt too wide) in paragraph at lines 1277--1277
 [][][][][][] 
 []


Overfull \hbox (76.16843pt too wide) in paragraph at lines 1277--1277
 [][][][] 
 []


Overfull \hbox (76.16843pt too wide) in paragraph at lines 1277--1277
 [][] 
 []


Overfull \hbox (76.16843pt too wide) in paragraph at lines 1277--1277
 [][] 
 []


Overfull \hbox (76.16843pt too wide) in paragraph at lines 1277--1277
 [][] 
 []


Overfull \hbox (76.16843pt too wide) in paragraph at lines 1277--1277
 [][] 
 []


Overfull \hbox (76.16843pt too wide) in paragraph at lines 1277--1277
 [][] 
 []


Overfull \hbox (76.16843pt too wide) in paragraph at lines 1277--1277
 [][] 
 []


Overfull \hbox (76.16843pt too wide) in paragraph at lines 1277--1277
 [][] 
 []


Overfull \hbox (76.16843pt too wide) in paragraph at lines 1277--1277
 [][] 
 []


Overfull \hbox (76.16843pt too wide) in paragraph at lines 1277--1277
 [][] 
 []


Overfull \hbox (76.16843pt too wide) in paragraph at lines 1277--1277
 [][] 
 []


Overfull \hbox (76.16843pt too wide) in paragraph at lines 1277--1277
 [][] 
 []


Overfull \hbox (76.16843pt too wide) in paragraph at lines 1277--1277
 [][] 
 []


Overfull \hbox (76.16843pt too wide) in paragraph at lines 1277--1277
 [][] 
 []


Overfull \hbox (76.16843pt too wide) in paragraph at lines 1277--1277
 [][] 
 []


Overfull \hbox (76.16843pt too wide) in paragraph at lines 1277--1277
 [][] 
 []


Overfull \hbox (76.16843pt too wide) in paragraph at lines 1277--1277
 [][] 
 []


Overfull \hbox (76.16843pt too wide) in paragraph at lines 1277--1277
 [][] 
 []


Overfull \hbox (76.16843pt too wide) in paragraph at lines 1277--1277
 [][] 
 []


Overfull \hbox (76.16843pt too wide) in paragraph at lines 1277--1277
 [][] 
 []


Overfull \hbox (76.16843pt too wide) in paragraph at lines 1277--1277
 [][] 
 []


Overfull \hbox (76.16843pt too wide) in paragraph at lines 1277--1277
 [][] 
 []


Overfull \hbox (76.16843pt too wide) in paragraph at lines 1277--1277
 [][][][][][] 
 []


Overfull \hbox (76.16843pt too wide) in paragraph at lines 1277--1277
 [][][][][][][][] 
 []


Overfull \hbox (76.16843pt too wide) in paragraph at lines 1277--1277
 [][][][][][] 
 []


Overfull \hbox (76.16843pt too wide) in paragraph at lines 1277--1277
 [][] 
 []


Overfull \hbox (76.16843pt too wide) in paragraph at lines 1277--1277
 [][] 
 []


Overfull \hbox (76.16843pt too wide) in paragraph at lines 1277--1277
 [][][][][][] 
 []


Overfull \hbox (76.16843pt too wide) in paragraph at lines 1277--1277
 [][][][][][][][] 
 []


Overfull \hbox (76.16843pt too wide) in paragraph at lines 1277--1277
 [][][][][][] 
 []


Overfull \hbox (76.16843pt too wide) in paragraph at lines 1277--1277
 [][] 
 []


Overfull \hbox (76.16843pt too wide) in paragraph at lines 1277--1277
 [][] 
 []


Overfull \hbox (76.16843pt too wide) in paragraph at lines 1277--1277
 [][][][][][] 
 []


Overfull \hbox (76.16843pt too wide) in paragraph at lines 1277--1277
 [][][][][][][][] 
 []


Overfull \hbox (76.16843pt too wide) in paragraph at lines 1277--1277
 [][][][][][] 
 []


Overfull \hbox (76.16843pt too wide) in paragraph at lines 1277--1277
 [][] 
 []


Overfull \hbox (76.16843pt too wide) in paragraph at lines 1277--1277
 [][] 
 []


Overfull \hbox (76.16843pt too wide) in paragraph at lines 1277--1277
 [][][][][][] 
 []


Overfull \hbox (76.16843pt too wide) in paragraph at lines 1277--1277
 [][][][][][][][] 
 []


Overfull \hbox (76.16843pt too wide) in paragraph at lines 1277--1277
 [][][][][][] 
 []

[37]
\openout4 = `thesis.ptb'.


Overfull \hbox (108.89078pt too wide) in paragraph at lines 1277--1277
 [][] 
 []


Overfull \hbox (108.89078pt too wide) in paragraph at lines 1277--1277
 [][] 
 []


Overfull \hbox (108.89078pt too wide) in paragraph at lines 1277--1277
 [][] 
 []


Overfull \hbox (108.89078pt too wide) in paragraph at lines 1277--1277
 [][] 
 []


Overfull \hbox (108.89078pt too wide) in paragraph at lines 1277--1277
 [][][][][][] 
 []


Overfull \hbox (108.89078pt too wide) in paragraph at lines 1277--1277
 [][][][][][] 
 []


Overfull \hbox (108.89078pt too wide) in paragraph at lines 1277--1277
 [][][][] 
 []


Overfull \hbox (108.89078pt too wide) in paragraph at lines 1277--1277
 [][] 
 []


Overfull \hbox (108.89078pt too wide) in paragraph at lines 1277--1277
 [][] 
 []


Overfull \hbox (108.89078pt too wide) in paragraph at lines 1277--1277
 [][] 
 []


Overfull \hbox (108.89078pt too wide) in paragraph at lines 1277--1277
 [][][][][][] 
 []


Overfull \hbox (108.89078pt too wide) in paragraph at lines 1277--1277
 [][][][][][] 
 []


Overfull \hbox (108.89078pt too wide) in paragraph at lines 1277--1277
 [][][][][][] 
 []


Overfull \hbox (108.89078pt too wide) in paragraph at lines 1277--1277
 [][][][][][][][] 
 []


Overfull \hbox (108.89078pt too wide) in paragraph at lines 1277--1277
 [][][][][][] 
 []

[38]
Package atveryend Info: Empty hook `BeforeClearDocument' on input line 1280.
Package atveryend Info: Empty hook `AfterLastShipout' on input line 1280.
 (/home/croos/Desktop/exjobb/thesis/thesis.aux)
Package atveryend Info: Executing hook `AtVeryEndDocument' on input line 1280.
Package atveryend Info: Executing hook `AtEndAfterFileList' on input line 1280.
Package rerunfilecheck Info: File `thesis.out' has not changed.
(rerunfilecheck)             Checksum: 774D9B45035EF674865FD3E52CD8A4B5;1890.


LaTeX Font Warning: Some font shapes were not available, defaults substituted.

Package atveryend Info: Empty hook `AtVeryVeryEnd' on input line 1280.
 ) 
Here is how much of TeX's memory you used:
 23383 strings out of 481239
 450908 string characters out of 5920377
 977070 words of memory out of 5000000
 37731 multiletter control sequences out of 15000+600000
 547603 words of font info for 127 fonts, out of 8000000 for 9000
 1141 hyphenation exceptions out of 8191
 60i,48n,149p,975b,930s stack positions out of 5000i,500n,10000p,200000b,80000s
{/usr/share/texmf/fonts/enc/dvips/cm-super/cm-super-ts1.enc}</usr/share/texlive/texmf-dist/fonts/type1/public/bbold-type1/bbold10.pfb></usr/share/texlive/texmf-dist/fonts/type1/public/amsfonts/cm/cmbx10.pfb></usr/share/texlive/texmf-dist/fonts/type1/public/amsfonts/cm/cmbx12.pfb></usr/share/texlive/texmf-dist/fonts/type1/public/amsfonts/cm/cmcsc10.pfb></usr/share/texlive/texmf-dist/fonts/type1/public/amsfonts/cm/cmmi10.pfb></usr/share/texlive/texmf-dist/fonts/type1/public/amsfonts/cm/cmmi7.pfb></usr/share/texlive/texmf-dist/fonts/type1/public/amsfonts/cm/cmr10.pfb></usr/share/texlive/texmf-dist/fonts/type1/public/amsfonts/cm/cmr5.pfb></usr/share/texlive/texmf-dist/fonts/type1/public/amsfonts/cm/cmr6.pfb></usr/share/texlive/texmf-dist/fonts/type1/public/amsfonts/cm/cmr7.pfb></usr/share/texlive/texmf-dist/fonts/type1/public/amsfonts/cm/cmss10.pfb></usr/share/texlive/texmf-dist/fonts/type1/public/amsfonts/cm/cmss8.pfb></usr/share/texlive/texmf-dist/fonts/type1/public/amsfonts/cm/cmssi10.pfb></usr/share/texlive/texmf-dist/fonts/type1/public/amsfonts/cm/cmsy10.pfb></usr/share/texlive/texmf-dist/fonts/type1/public/amsfonts/cm/cmsy6.pfb></usr/share/texlive/texmf-dist/fonts/type1/public/amsfonts/cm/cmsy7.pfb></usr/share/texlive/texmf-dist/fonts/type1/public/amsfonts/cm/cmsy9.pfb></usr/share/texlive/texmf-dist/fonts/type1/public/amsfonts/cm/cmti10.pfb></usr/share/texlive/texmf-dist/fonts/type1/public/amsfonts/cm/cmtt10.pfb></usr/share/texmf/fonts/type1/public/cm-super/sfrm1000.pfb>
Output written on /home/croos/Desktop/exjobb/thesis/thesis.pdf (40 pages, 322297 bytes).
PDF statistics:
 520 PDF objects out of 1000 (max. 8388607)
 453 compressed objects within 5 object streams
 135 named destinations out of 1000 (max. 500000)
 23269 words of extra memory for PDF output out of 24883 (max. 10000000)

